<?xml version="1.0" encoding="UTF-8"?>
<testng-results skipped="0" failed="0" ignored="0" total="1" passed="1">
  <reporter-output>
  </reporter-output>
  <suite name="Default suite" duration-ms="568" started-at="2020-03-12T14:43:07 EDT" finished-at="2020-03-12T14:43:08 EDT">
    <groups>
      <group name="cucumber">
        <method signature="AbstractTestNGCucumberTests.feature(cucumber.api.testng.CucumberFeatureWrapper)[pri:0, instance:com.cucumber.runner.RunCuke@32709393]" name="feature" class="cucumber.api.testng.AbstractTestNGCucumberTests"/>
      </group> <!-- cucumber -->
    </groups>
    <test name="Default test" duration-ms="568" started-at="2020-03-12T14:43:07 EDT" finished-at="2020-03-12T14:43:08 EDT">
      <class name="com.cucumber.runner.RunCuke">
        <test-method status="PASS" signature="setUpClass()[pri:0, instance:com.cucumber.runner.RunCuke@32709393]" name="setUpClass" is-config="true" duration-ms="269" started-at="2020-03-12T14:43:07 EDT" finished-at="2020-03-12T14:43:08 EDT">
          <reporter-output>
          </reporter-output>
        </test-method> <!-- setUpClass -->
        <test-method status="PASS" signature="feature(cucumber.api.testng.CucumberFeatureWrapper)[pri:0, instance:com.cucumber.runner.RunCuke@32709393]" name="feature" duration-ms="146" started-at="2020-03-12T14:43:08 EDT" description="Runs Cucumber Feature" data-provider="features" finished-at="2020-03-12T14:43:08 EDT">
          <params>
            <param index="0">
              <value>
                <![CDATA[Login]]>
              </value>
            </param>
          </params>
          <reporter-output>
          </reporter-output>
        </test-method> <!-- feature -->
        <test-method status="PASS" signature="tearDownClass()[pri:0, instance:com.cucumber.runner.RunCuke@32709393]" name="tearDownClass" is-config="true" duration-ms="4" started-at="2020-03-12T14:43:08 EDT" finished-at="2020-03-12T14:43:08 EDT">
          <reporter-output>
          </reporter-output>
        </test-method> <!-- tearDownClass -->
      </class> <!-- com.cucumber.runner.RunCuke -->
    </test> <!-- Default test -->
  </suite> <!-- Default suite -->
</testng-results>
